<?xml version="1.0" encoding="UTF-8"?>
<!-- Generated by org.testng.reporters.JUnitXMLReporter -->
<testsuite ignored="4" hostname="LAPTOP-39TQ8419" failures="0" tests="1" name="Default test" time="60.834" errors="0" timestamp="2023-08-26T08:32:10 IST">
  <testcase classname="com.Test.TestClass" name="TestScenario2_1" time="56.552"/>
  <testcase classname="com.Test.TestClass" name="TestScenario5_1" time="0.0">
    <ignored/>
  </testcase> <!-- TestScenario5_1 -->
  <testcase classname="com.Test.TestClass" name="TestScenario4_1" time="0.0">
    <ignored/>
  </testcase> <!-- TestScenario4_1 -->
  <testcase classname="com.Test.TestClass" name="TestScenario3_1" time="0.0">
    <ignored/>
  </testcase> <!-- TestScenario3_1 -->
  <testcase classname="com.Test.TestClass" name="TestScenario1_1" time="0.0">
    <ignored/>
  </testcase> <!-- TestScenario1_1 -->
</testsuite> <!-- Default test -->
