<?xml version="1.0" encoding="UTF-8"?>
<testng-results ignored="4" total="5" passed="1" failed="0" skipped="0">
  <reporter-output>
  </reporter-output>
  <suite started-at="2023-08-26T08:31:09 IST" name="Default suite" finished-at="2023-08-26T08:32:10 IST" duration-ms="60834">
    <groups>
    </groups>
    <test started-at="2023-08-26T08:31:09 IST" name="Default test" finished-at="2023-08-26T08:32:10 IST" duration-ms="60834">
      <class name="com.Test.TestClass">
        <test-method is-config="true" signature="setUp()[pri:0, instance:com.Test.TestClass@6356695f]" started-at="2023-08-26T08:31:09 IST" name="setUp" finished-at="2023-08-26T08:31:14 IST" duration-ms="4227" status="PASS">
          <reporter-output>
          </reporter-output>
        </test-method> <!-- setUp -->
        <test-method signature="TestScenario2_1()[pri:1, instance:com.Test.TestClass@6356695f]" started-at="2023-08-26T08:31:14 IST" name="TestScenario2_1" finished-at="2023-08-26T08:32:10 IST" duration-ms="56552" status="PASS">
          <reporter-output>
          </reporter-output>
        </test-method> <!-- TestScenario2_1 -->
      </class> <!-- com.Test.TestClass -->
    </test> <!-- Default test -->
  </suite> <!-- Default suite -->
</testng-results>
